<?xml version="1.0" encoding="UTF-8"?>
<testsuite name="MainKtTest" tests="1" skipped="0" failures="0" errors="0" timestamp="2022-06-17T00:38:09" hostname="Myles-Woerner" time="0.019">
  <properties/>
  <testcase name="converts entity to response()" classname="MainKtTest" time="0.019"/>
  <system-out><![CDATA[]]></system-out>
  <system-err><![CDATA[]]></system-err>
</testsuite>
